<?xml version="1.0" encoding="UTF-8"?>
<!-- Generated by org.testng.reporters.JUnitReportReporter -->
<testsuite hostname="DESKTOP-HB7U12M" failures="0" tests="2" name="testcases.Alert" time="18.164" errors="0" timestamp="2023-06-08T16:10:17 GST" skipped="0">
  <testcase classname="testcases.Alert" name="alertMethod" time="9.918"/>
  <system-out/>
  <testcase classname="testcases.Alert" name="alertBox" time="8.246"/>
  <system-out/>
</testsuite> <!-- testcases.Alert -->
