<?xml version="1.0" encoding="UTF-8"?>
<!-- Generated by org.testng.reporters.JUnitReportReporter -->
<testsuite hostname="DESKTOP-HB7U12M" failures="0" tests="1" name="testcases.Frames" time="5.397" errors="0" timestamp="2023-05-29T22:25:08 GST" skipped="0">
  <testcase classname="testcases.Frames" name="frame" time="5.397"/>
  <system-out/>
</testsuite> <!-- testcases.Frames -->
