<?xml version="1.0" encoding="UTF-8"?>
<!-- Generated by org.testng.reporters.JUnitReportReporter -->
<testsuite hostname="DESKTOP-HB7U12M" failures="0" tests="1" name="testcases.MultipleWindow" time="11.302" errors="0" timestamp="2023-06-08T15:32:05 GST" skipped="0">
  <testcase classname="testcases.MultipleWindow" name="multipleWindow" time="11.302"/>
  <system-out/>
</testsuite> <!-- testcases.MultipleWindow -->
