<?xml version="1.0" encoding="UTF-8"?>
<!-- Generated by org.testng.reporters.JUnitReportReporter -->
<testsuite hostname="DESKTOP-HB7U12M" failures="0" tests="2" name="testcases.DropDown" time="10.285" errors="0" timestamp="2023-06-08T16:10:17 GST" skipped="0">
  <testcase classname="testcases.DropDown" name="DropDownSelectColor" time="8.030"/>
  <system-out/>
  <testcase classname="testcases.DropDown" name="MultipleDropDown" time="2.255"/>
  <system-out/>
</testsuite> <!-- testcases.DropDown -->
