<?xml version="1.0" encoding="UTF-8"?>
<!-- Generated by org.testng.reporters.JUnitReportReporter -->
<testsuite hostname="DESKTOP-HB7U12M" failures="0" tests="1" name="testcases.FileUpload" time="8.698" errors="0" timestamp="2023-06-08T16:08:02 GST" skipped="0">
  <testcase classname="testcases.FileUpload" name="f" time="8.698"/>
  <system-out/>
</testsuite> <!-- testcases.FileUpload -->
