<?xml version="1.0" encoding="UTF-8"?>
<!-- Generated by org.testng.reporters.JUnitReportReporter -->
<testsuite hostname="DESKTOP-HB7U12M" failures="0" tests="1" name="testcases.RadioButton" time="10.641" errors="0" timestamp="2023-06-08T16:10:17 GST" skipped="0">
  <testcase classname="testcases.RadioButton" name="radioButton" time="10.641"/>
  <system-out/>
</testsuite> <!-- testcases.RadioButton -->
